<?xml version="1.0" encoding="UTF-8"?>
<testsuite xmlns:xsi="http://www.w3.org/2001/XMLSchema-instance" xsi:noNamespaceSchemaLocation="https://maven.apache.org/surefire/maven-surefire-plugin/xsd/surefire-test-report-3.0.xsd" version="3.0" name="com.appointment.test.BookingServiceTest" time="0.054" tests="19" errors="0" skipped="0" failures="0">
  <properties>
[...]
</properties>
  <testcase name="testPrintScheduleEmpty" classname="com.appointment.test.BookingServiceTest" time="0.002">
    <system-out><![CDATA[No appointments scheduled.
]]></system-out>
  </testcase>
  <testcase name="testAdminCancelSuccess" classname="com.appointment.test.BookingServiceTest" time="0.003">
    <system-out><![CDATA[Available slot added at time: 10
Login successful!
]]></system-out>
  </testcase>
  <testcase name="testBookFromAvailableSlotFailBecauseAlreadyCanceledThenRebook" classname="com.appointment.test.BookingServiceTest" time="0.002">
    <system-out><![CDATA[Available slot added at time: 10
Appointment canceled!
]]></system-out>
  </testcase>
  <testcase name="testViewAvailableSlotsWithData" classname="com.appointment.test.BookingServiceTest" time="0.002">
    <system-out><![CDATA[Available slot added at time: 8
Available slot added at time: 9
=== Available Slots ===
Time: 8
Time: 9
]]></system-out>
  </testcase>
  <testcase name="testPrintScheduleWithAppointment" classname="com.appointment.test.BookingServiceTest" time="0.001">
    <system-out><![CDATA[Available slot added at time: 10
=== Schedule ===
User: Sima | Time: 10 | Date: N/A
]]></system-out>
  </testcase>
  <testcase name="testAddAvailableSlotSuccess" classname="com.appointment.test.BookingServiceTest" time="0.003">
    <system-out><![CDATA[Available slot added at time: 10
]]></system-out>
  </testcase>
  <testcase name="testCancelByTimeFound" classname="com.appointment.test.BookingServiceTest" time="0.001">
    <system-out><![CDATA[Available slot added at time: 10
Appointment canceled!
]]></system-out>
  </testcase>
  <testcase name="testBookFromAvailableSlotSuccess" classname="com.appointment.test.BookingServiceTest" time="0.001">
    <system-out><![CDATA[Available slot added at time: 10
]]></system-out>
  </testcase>
  <testcase name="testBookFromAvailableSlotFailNoSlot" classname="com.appointment.test.BookingServiceTest" time="0.001"/>
  <testcase name="testModifySuccess" classname="com.appointment.test.BookingServiceTest" time="0.001">
    <system-out><![CDATA[Available slot added at time: 10
Available slot added at time: 11
Appointment canceled!
Appointment modified successfully!
]]></system-out>
  </testcase>
  <testcase name="testAddAvailableSlotDuplicate" classname="com.appointment.test.BookingServiceTest" time="0.001">
    <system-out><![CDATA[Available slot added at time: 10
Slot already exists.
]]></system-out>
  </testcase>
  <testcase name="testAdminCancelFail" classname="com.appointment.test.BookingServiceTest" time="0.003">
    <system-out><![CDATA[Available slot added at time: 10
]]></system-out>
  </testcase>
  <testcase name="testFindAppointmentByTimeNotFound" classname="com.appointment.test.BookingServiceTest" time="0.002"/>
  <testcase name="testModifyFailNoOldAppointment" classname="com.appointment.test.BookingServiceTest" time="0.001">
    <system-out><![CDATA[Available slot added at time: 11
No appointment found at this time.
]]></system-out>
  </testcase>
  <testcase name="testFindAppointmentByTimeFound" classname="com.appointment.test.BookingServiceTest" time="0.002">
    <system-out><![CDATA[Available slot added at time: 10
]]></system-out>
  </testcase>
  <testcase name="testCancelByTimeNotFound" classname="com.appointment.test.BookingServiceTest" time="0">
    <system-out><![CDATA[No appointment found at this time.
]]></system-out>
  </testcase>
  <testcase name="testViewAvailableSlotsEmpty" classname="com.appointment.test.BookingServiceTest" time="0.002">
    <system-out><![CDATA[=== Available Slots ===
No available slots.
]]></system-out>
  </testcase>
  <testcase name="testBookFromAvailableSlotFailRule" classname="com.appointment.test.BookingServiceTest" time="0.003">
    <system-out><![CDATA[Available slot added at time: 10
]]></system-out>
  </testcase>
  <testcase name="testBookFromAvailableSlotAlreadyBooked" classname="com.appointment.test.BookingServiceTest" time="0.001">
    <system-out><![CDATA[Available slot added at time: 10
]]></system-out>
  </testcase>
</testsuite>